Arguments: 
  /usr/local/bin/node /usr/local/bin/yarn

PATH: 
  /home/jos/.local/bin:/home/jos/.local/bin:/home/jos/.local/share/neovim/bin:/home/jos/.local/share/go/bin:/home/jos/.cargo/bin:/home/jos/.local/bin:/usr/local/sbin:/usr/local/bin:/usr/sbin:/usr/bin:/sbin:/bin:/usr/games:/usr/local/games:/snap/bin

Yarn version: 
  1.22.19

Node version: 
  18.15.0

Platform: 
  linux x64

Trace: 
  SyntaxError: /home/jos/Documents/API/QuoteOrJoke/package.json: Unexpected string in JSON at position 237
      at JSON.parse (<anonymous>)
      at /usr/local/lib/node_modules/yarn/lib/cli.js:1629:59
      at Generator.next (<anonymous>)
      at step (/usr/local/lib/node_modules/yarn/lib/cli.js:310:30)
      at /usr/local/lib/node_modules/yarn/lib/cli.js:321:13

npm manifest: 
  {
  	"name": "quoteorjoke",
  	"version": "1.0.0",
  	"description": "Quote or Joke",
  	"main": "server.js",
  	"scripts": {
  		"start": "node server.js",
  		"predeploy": "npm run build",
  		"deploy": "gh-pages -d build",
  		"build": "npm install"
  		"test": "echo \"Error: no test specified\" && exit 1"
  	},
  	"keywords": [],
  	"author": "Youssef Bouryal",
  	"license": "ISC",
  	"dependencies": {
  		"body-parser": "^1.20.2",
  		"ejs": "^3.1.9",
  		"express": "^4.18.2"
  	},
  	"devDependencies": {
  		"gh-pages": "^5.0.0"
  	}
  }

yarn manifest: 
  No manifest

Lockfile: 
  No lockfile
